<?xml version="1.0" encoding="UTF-8"?><testrun name="StackJunitSuite" project="junit_test" tests="5" started="5" failures="1" errors="0" ignored="0">
  <testsuite name="junit.StackJunitSuite" time="0.0" displayname="StackJunitSuite" uniqueid="[engine:junit-vintage]/[runner:junit.StackJunitSuite]">
    <testsuite name="junit.StackJunitTest" time="0.0" uniqueid="[engine:junit-vintage]/[runner:junit.StackJunitSuite]/[test:junit.StackJunitTest]">
      <testcase name="testPush" classname="junit.StackJunitTest" time="0.0" displayname="testPush" uniqueid="[engine:junit-vintage]/[runner:junit.StackJunitSuite]/[test:junit.StackJunitTest]/[test:testPush(junit.StackJunitTest)]"/>
      <testcase name="testOverflow" classname="junit.StackJunitTest" time="0.0" displayname="testOverflow" uniqueid="[engine:junit-vintage]/[runner:junit.StackJunitSuite]/[test:junit.StackJunitTest]/[test:testOverflow(junit.StackJunitTest)]"/>
    </testsuite>
    <testsuite name="junit.StackPopTestCase" time="0.0" uniqueid="[engine:junit-vintage]/[runner:junit.StackJunitSuite]/[test:junit.StackPopTestCase]">
      <testcase name="testPop" classname="junit.StackPopTestCase" time="0.0" displayname="testPop" uniqueid="[engine:junit-vintage]/[runner:junit.StackJunitSuite]/[test:junit.StackPopTestCase]/[test:testPop(junit.StackPopTestCase)]"/>
      <testcase name="testUnderflow" classname="junit.StackPopTestCase" time="0.0" displayname="testUnderflow" uniqueid="[engine:junit-vintage]/[runner:junit.StackJunitSuite]/[test:junit.StackPopTestCase]/[test:testUnderflow(junit.StackPopTestCase)]"/>
    </testsuite>
    <testsuite name="junit.StackIsEmptyTestCase" time="0.0" uniqueid="[engine:junit-vintage]/[runner:junit.StackJunitSuite]/[test:junit.StackIsEmptyTestCase]">
      <testcase name="testIsnotEmpty" classname="junit.StackIsEmptyTestCase" time="0.0" displayname="testIsnotEmpty" uniqueid="[engine:junit-vintage]/[runner:junit.StackJunitSuite]/[test:junit.StackIsEmptyTestCase]/[test:testIsnotEmpty(junit.StackIsEmptyTestCase)]">
        <failure>java.lang.AssertionError: expected:&lt;true&gt; but was:&lt;false&gt;&#13;
	at org.junit.Assert.fail(Assert.java:88)&#13;
	at org.junit.Assert.failNotEquals(Assert.java:834)&#13;
	at org.junit.Assert.assertEquals(Assert.java:118)&#13;
	at org.junit.Assert.assertEquals(Assert.java:144)&#13;
	at junit.StackIsEmptyTestCase.testIsnotEmpty(StackIsEmptyTestCase.java:30)&#13;
	at java.base/jdk.internal.reflect.NativeMethodAccessorImpl.invoke0(Native Method)&#13;
	at java.base/jdk.internal.reflect.NativeMethodAccessorImpl.invoke(NativeMethodAccessorImpl.java:62)&#13;
	at java.base/jdk.internal.reflect.DelegatingMethodAccessorImpl.invoke(DelegatingMethodAccessorImpl.java:43)&#13;
	at java.base/java.lang.reflect.Method.invoke(Method.java:567)&#13;
	at org.junit.runners.model.FrameworkMethod$1.runReflectiveCall(FrameworkMethod.java:50)&#13;
	at org.junit.internal.runners.model.ReflectiveCallable.run(ReflectiveCallable.java:12)&#13;
	at org.junit.runners.model.FrameworkMethod.invokeExplosively(FrameworkMethod.java:47)&#13;
	at org.junit.internal.runners.statements.InvokeMethod.evaluate(InvokeMethod.java:17)&#13;
	at org.junit.internal.runners.statements.RunBefores.evaluate(RunBefores.java:26)&#13;
	at org.junit.runners.ParentRunner.runLeaf(ParentRunner.java:325)&#13;
	at org.junit.runners.BlockJUnit4ClassRunner.runChild(BlockJUnit4ClassRunner.java:78)&#13;
	at org.junit.runners.BlockJUnit4ClassRunner.runChild(BlockJUnit4ClassRunner.java:57)&#13;
	at org.junit.runners.ParentRunner$3.run(ParentRunner.java:290)&#13;
	at org.junit.runners.ParentRunner$1.schedule(ParentRunner.java:71)&#13;
	at org.junit.runners.ParentRunner.runChildren(ParentRunner.java:288)&#13;
	at org.junit.runners.ParentRunner.access$000(ParentRunner.java:58)&#13;
	at org.junit.runners.ParentRunner$2.evaluate(ParentRunner.java:268)&#13;
	at org.junit.runners.ParentRunner.run(ParentRunner.java:363)&#13;
	at org.junit.runners.Suite.runChild(Suite.java:128)&#13;
	at org.junit.runners.Suite.runChild(Suite.java:27)&#13;
	at org.junit.runners.ParentRunner$3.run(ParentRunner.java:290)&#13;
	at org.junit.runners.ParentRunner$1.schedule(ParentRunner.java:71)&#13;
	at org.junit.runners.ParentRunner.runChildren(ParentRunner.java:288)&#13;
	at org.junit.runners.ParentRunner.access$000(ParentRunner.java:58)&#13;
	at org.junit.runners.ParentRunner$2.evaluate(ParentRunner.java:268)&#13;
	at org.junit.runners.ParentRunner.run(ParentRunner.java:363)&#13;
	at org.junit.runner.JUnitCore.run(JUnitCore.java:137)&#13;
	at org.junit.runner.JUnitCore.run(JUnitCore.java:115)&#13;
	at org.junit.vintage.engine.execution.RunnerExecutor.execute(RunnerExecutor.java:40)&#13;
	at java.base/java.util.stream.ForEachOps$ForEachOp$OfRef.accept(ForEachOps.java:183)&#13;
	at java.base/java.util.stream.ReferencePipeline$3$1.accept(ReferencePipeline.java:195)&#13;
	at java.base/java.util.Iterator.forEachRemaining(Iterator.java:133)&#13;
	at java.base/java.util.Spliterators$IteratorSpliterator.forEachRemaining(Spliterators.java:1801)&#13;
	at java.base/java.util.stream.AbstractPipeline.copyInto(AbstractPipeline.java:484)&#13;
	at java.base/java.util.stream.AbstractPipeline.wrapAndCopyInto(AbstractPipeline.java:474)&#13;
	at java.base/java.util.stream.ForEachOps$ForEachOp.evaluateSequential(ForEachOps.java:150)&#13;
	at java.base/java.util.stream.ForEachOps$ForEachOp$OfRef.evaluateSequential(ForEachOps.java:173)&#13;
	at java.base/java.util.stream.AbstractPipeline.evaluate(AbstractPipeline.java:234)&#13;
	at java.base/java.util.stream.ReferencePipeline.forEach(ReferencePipeline.java:497)&#13;
	at org.junit.vintage.engine.VintageTestEngine.executeAllChildren(VintageTestEngine.java:80)&#13;
	at org.junit.vintage.engine.VintageTestEngine.execute(VintageTestEngine.java:71)&#13;
	at org.junit.platform.launcher.core.DefaultLauncher.execute(DefaultLauncher.java:229)&#13;
	at org.junit.platform.launcher.core.DefaultLauncher.lambda$execute$6(DefaultLauncher.java:197)&#13;
	at org.junit.platform.launcher.core.DefaultLauncher.withInterceptedStreams(DefaultLauncher.java:211)&#13;
	at org.junit.platform.launcher.core.DefaultLauncher.execute(DefaultLauncher.java:191)&#13;
	at org.junit.platform.launcher.core.DefaultLauncher.execute(DefaultLauncher.java:137)&#13;
	at org.eclipse.jdt.internal.junit5.runner.JUnit5TestReference.run(JUnit5TestReference.java:89)&#13;
	at org.eclipse.jdt.internal.junit.runner.TestExecution.run(TestExecution.java:41)&#13;
	at org.eclipse.jdt.internal.junit.runner.RemoteTestRunner.runTests(RemoteTestRunner.java:541)&#13;
	at org.eclipse.jdt.internal.junit.runner.RemoteTestRunner.runTests(RemoteTestRunner.java:763)&#13;
	at org.eclipse.jdt.internal.junit.runner.RemoteTestRunner.run(RemoteTestRunner.java:463)&#13;
	at org.eclipse.jdt.internal.junit.runner.RemoteTestRunner.main(RemoteTestRunner.java:209)&#13;
&#13;
</failure>
      </testcase>
    </testsuite>
  </testsuite>
</testrun>
